1631 0.548895801112
3118 0.313476337235
1487 0.428377555748
1277 0.26402904606
1169 0.280162701117
873 0.273873065449
1027 0.28657637676
1556 0.430841487658
2705 -0.0115671905917
1149 0.0498378052419
2877 0.395039308253
1321 0.386912919208
172 0.120049856128
821 0.184776730654
1145 0.317926145107
2523 0.2319767331
3466 0.115191793762
4161 0.131345512705
4912 0.115407737338
5909 0.150629183238
1378 0.382008010864
2321 0.238012508431
3016 0.0910839267831
3767 0.135053005707
4764 0.107326046204
943 0.214219137961
1638 0.110740382215
2389 0.146326958786
3386 0.200842936115
695 0.072413723683
1446 0.194817312647
2443 0.140960525318
751 0.274275942195
1748 0.259156889325
997 0.357165691127
574 0.23923094776
1023 0.1863463607
449 0.282834830512
407 0.226284207276
1709 0.113430070066
1302 0.202060926275
533 0.151804444729
2801 0.165002232306
3488 0.143718313418
2268 0.305944638504
2955 0.314811119208
687 0.356107655382
1419 0.219857308324
824 0.426082811068
1110 0.315277384645
1642 0.219913506831
2190 0.24494549605
3744 0.214815725056
4658 0.173068654869
6067 0.105550104077
6507 0.12393637019
286 0.43224591015
818 0.324620162892
1366 0.375538828054
2920 0.332469156643
3834 0.254928382044
5243 0.196635427752
5683 0.150814942494
532 0.44546881519
1080 0.504958105305
2634 0.38364435657
3548 0.312477210418
4957 0.224017581381
5397 0.137941959572
548 0.462448709735
2102 0.492489181376
3016 0.366239374932
4425 0.280689371448
4865 0.256784344473
1554 0.452643902262
2468 0.415513994522
3877 0.306483392336
4317 0.209878238449
914 0.468861742125
2323 0.395964797111
2763 0.232121829264
1409 0.407662529078
1849 0.291786955707
440 0.391258293975
239 0.227484185607
1166 0.493782923757
516 0.361358286023
749 0.451208952265
2211 0.350176500367
1462 0.351019883184
794 0.214857755334
2627 0.01283185543
1833 -0.0231244384738
1303 0.330939284509
2007 0.239712312556
704 0.303099279701
1249 0.415982339691
997 0.476185616401
2288 0.433778055918
1291 0.524180385115
3750 0.379464485044
2753 0.481902400196
1462 0.537897167601
5268 0.303910108575
4271 0.35833312792
2980 0.34154107506
1518 0.366642825618
1531 0.356023601882
1879 0.343330433838
348 0.355941749583
3114 0.355674029682
1583 0.293638648709
1235 0.38924124154
1432 0.24075494884
1722 0.417743549493
690 0.277675657109
1193 0.266952537707
503 0.17273820363
1429 0.538364178699
2034 0.449730426535
605 0.496123786807
1051 0.247934806843
1724 0.440592689167
1457 0.105097699674
906 0.503565535502
2280 0.366692505182
1374 0.372153976397
3560 0.282304145616
2654 0.238713393843
1280 0.38038276478
1107 0.263859121321
1403 0.208638299946
296 0.386844234993
1811 0.163657919926
704 0.22727482758
408 0.319972710878
1105 0.409216888152
2178 0.344671537031
1073 0.306067526785
2005 0.499939585732
2424 0.328283319017
1627 0.31557985495
1327 0.333976301489
2239 0.300299324476
3233 0.31859192058
4234 0.332385047344
912 0.455877979273
1906 0.44758492931
2907 0.391203809922
994 0.456651256925
1995 0.399430491645
1001 0.433609906657
562 0.406643431821
236 0.621633769752
678 0.19513807694
1185 0.511894172192
2809 0.472819141285
1624 0.469082058764
3666 0.427694291284
2481 0.432849965523
857 0.516762146603
4415 0.40144487673
3230 0.409369662212
1606 0.491012943112
749 0.434146148959
1213 0.203615467903
2507 0.119056010536
1294 0.423456244032
947 0.394216084884
1942 0.382055763975
2895 0.360572208911
3663 0.361252778041
995 0.404631782439
1948 0.396977591201
2716 0.358262488933
953 0.485654579385
1721 0.404993620713
768 0.373000899069
950 0.461788385616
785 0.284088492087
1777 0.232345059196
992 0.307258211408
3060 0.248845628534
2275 0.355944002555
1283 0.307072762148
581 0.479221546256
597 0.370241664103
2337 0.31813441624
1330 0.165361633765
1176 0.388517657046
1546 0.4233008109
1194 0.368818653039
2290 0.338591631476
1096 0.489929830475
1056 0.406491548775
2208 0.341284676923
3242 0.254333323566
1152 0.336091278731
2186 0.233997344819
1034 0.338115953942
324 0.156639662292
1991 0.312357412708
1335 0.392073678171
2756 0.314367861468
1421 0.328323406581
1618 0.401353098934
2874 0.410339851763
1256 0.405188960361
1531 0.490903768802
2676 0.161032708672
1145 0.248585785339
399 0.0986912502417
4473 0.460344326737
6451 0.0565930126261
1978 0.0703316729101
1646 0.434318815554
980 0.277485196858
1298 0.357375493449
2380 0.267777666
1082 0.447249207228
1374 0.299421064485
1341 0.468692494143
989 0.443930908096
2157 0.373481674808
3857 0.302955463037
4351 0.210217249402
4832 0.264581079684
5166 0.183154601744
5427 0.175871180466
1168 0.404684320126
2868 0.348199468855
3362 0.277231543968
3843 0.303496242101
4177 0.220022985672
4438 0.229243852611
1700 0.356675552653
2194 0.252174728719
2675 0.300134478427
3009 0.20950942851
3270 0.195487248409
494 0.282491596785
975 0.332836202613
1309 0.262298825902
1570 0.263190417111
481 0.411404211747
815 0.278378744002
1076 0.271213055434
334 0.303624467231
595 0.368770765914
261 0.348856086209
540 0.58088300573
788 0.376348793309
2169 0.277182681342
3234 0.107562977198
1381 0.292965569882
2446 0.128292320751
1065 0.178226637509
1727 0.296776275404
185 -0.0774032611622
1879 0.144378840704
1694 0.0416982690502
2162 0.114692675047
1977 0.0536788318579
283 0.344661305034
3156 0.088645309972
2971 0.0165908724298
1277 0.350627937681
994 0.365686309062
5009 0.108164386104
4824 0.0503230171561
3130 0.298580882474
2847 0.34640292299
1853 0.424422308606
1326 0.539751816464
1740 0.501754419845
2080 0.439544994056
414 0.572426656438
754 0.469653962256
340 0.487862291935
1673 0.0823906427174
3744 0.0575807016655
4325 0.00847248280013
2071 0.394820269489
2652 0.285718725067
581 0.240543554005
1305 0.380923991407
1982 0.3250918345
677 0.411184794275
627 0.252525501238
801 0.286486979172
974 0.313039090799
2248 0.247043442524
3012 0.322567582693
3727 0.248032682756
1274 0.254495825797
2038 0.214935921923
2753 0.202284814103
764 0.288483215887
1479 0.278904114699
715 0.363172874992
1339 0.281764827145
2328 0.226244770765
3146 0.239015702371
3526 0.224599600731
4375 0.20692978154
989 0.185791062494
1807 0.165787951489
2187 0.130221213317
3036 0.144369299056
818 0.342440567204
1198 0.293368307982
2047 0.311536831621
380 0.449529730081
1229 0.329169939122
849 0.284703066313
1698 0.470804801168
2603 0.343566079844
905 0.48442664751
1602 0.226684895394
2734 0.193280718867
3589 0.165244415577
855 0.107426584012
454 0.505713788369
869 0.37264785412
415 0.367237662204
1046 0.365247480984
1247 0.279727400766
4370 0.242560829771
3123 0.346016330659
7448 0.113280038867
6201 0.215987127652
3078 0.21384434812
8860 0.187677538256
7613 0.138412397444
4490 0.229596431292
1412 0.140938694653
10260 0.173376404278
9013 0.0764115041542
5890 0.0468077316833
2812 0.0898796596076
1400 0.125916419952
578 0.109293739682
1163 0.283083472552
657 0.276095177056
1846 0.179435955711
1189 0.317094229304
397 0.491935987769
460 0.438885931007
1398 0.353230362754
938 0.340809328215
1779 0.211558071839
1319 0.2449413088
381 0.259939754327
3532 0.115940872275
3072 0.193145485933
2134 0.221188578554
1753 0.246683281772
5016 0.0644192030181
4556 0.163688622547
3618 0.195060157834
3237 0.239840517944
1484 0.406228724229
6368 0.0466030268453
5908 0.128156144902
4970 0.125028321443
4589 0.166483620299
2836 0.326520051977
1352 0.340119367672
7453 0.104281922227
6993 0.158860036445
6055 0.167944202127
5674 0.207135812611
3921 0.30496571967
2437 0.355658386613
1085 0.34820519097
8769 0.126859668772
8309 0.130420339437
7371 0.164878315553
6990 0.20565952812
5237 0.316218058931
3753 0.258772569395
2401 0.398980745724
1316 0.293145949602
10010 0.13991705007
9550 0.134921216338
8612 0.18974135633
8231 0.268795873747
6478 0.287450895894
4994 0.245540547519
3642 0.31554224052
2557 0.357858390371
1241 0.371932442256
11131 0.122806728719
10671 0.148263970822
9733 0.154060686505
9352 0.221800055959
7599 0.298117316825
6115 0.300627331806
4763 0.337563283668
3678 0.414238851319
2362 0.327734219067
1121 0.417241443574
12599 0.153490080646
12139 0.206295507027
11201 0.191295726535
10820 0.254440367977
9067 0.227219969626
7583 0.243144346626
6231 0.228640270349
5146 0.259816763224
3830 0.294792689861
2589 0.37322576584
1468 0.285894084808
13521 0.27356255718
13061 0.213723904647
12123 0.335961516095
11742 0.210319019362
9989 0.2068751817
8505 0.159583067238
7153 0.165805256669
6068 0.193624905527
4752 0.261610130692
3511 0.317003973429
2390 0.270876600461
922 0.385946656707
14348 0.228575199227
13888 0.220120878935
12950 0.228328736563
12569 0.240468723108
10816 0.164853146734
9332 0.164775227544
7980 0.139802413066
6895 0.213007766496
5579 0.209873085551
4338 0.290892292864
3217 0.25673966197
1749 0.331794147757
827 0.492513284682
15671 0.138133928086
15211 0.138205913156
14273 0.167622495745
13892 0.147606787407
12139 0.138892732722
10655 0.172098654191
9303 0.155291605961
8218 0.199610907135
6902 0.209981258438
5661 0.237629318931
4540 0.185508938873
3072 0.270477317559
2150 0.304352177572
1323 0.371143066883
16923 0.203331695706
16463 0.171888457941
15525 0.250523033394
15144 0.169545313834
13391 0.102252353529
11907 0.109908474907
10555 0.0853786519772
9470 0.160858153448
8154 0.110761928145
6913 0.187697505486
5792 0.146428112592
4324 0.176957940117
3402 0.192585625568
2575 0.224313400011
1252 0.246300446449
1169 0.421464717333
1657 0.344262833313
488 0.409640382569
2143 0.385525857315
3291 0.243391633624
1148 0.375147243239
1080 0.225411291544
1420 0.219244713544
340 0.230987717009
2701 0.0776860630274
1621 0.0290065650703
1281 -0.00216682436496
1599 0.390531654419
2336 0.25754781045
3208 0.255387181436
3669 0.236594392982
737 0.282045110465
1609 0.258288391574
2070 0.253566286947
872 0.301422554384
1333 0.293167198391
461 0.303303558631
636 0.185261852804
1814 0.171818097062
1178 0.198772436357
1226 0.278362705155
1574 0.245761718257
2515 0.342548571023
941 0.323845599116
3348 0.300075235769
1774 0.319118411451
833 0.37108444963
4109 0.255457917628
2535 0.28154808492
1594 0.331843233456
761 0.32246470865
4921 0.170079125607
3347 0.173266361883
2406 0.168016801607
1573 0.193346774062
812 0.263273876631
1436 0.245521617798
242 0.580626272743
625 0.426645276579
383 0.546826742909
2779 0.341555236075
2537 0.408355196224
2154 0.482120191035
453 0.350172775598
1645 0.23817954166
1192 0.201085718496
2135 0.147802801891
1682 0.167341634509
490 0.361342768689
2632 0.169708609064
2179 0.120059015099
987 0.238271802053
497 0.208471811802
3587 0.200460598368
3134 0.0811997910128
1942 0.0956022814352
1452 0.163648277439
955 0.196998943854
464 0.301295584613
3085 0.196005597608
2621 0.218161262875
3943 0.110822221004
3479 0.0841797363321
858 0.199421920414
4363 0.0589627219482
3899 0.0546453538389
1278 0.155087002919
420 0.237879751163
1528 0.276194414151
1399 0.525017379067
941 0.37091859769
1237 0.439667298787
296 0.411458706208
1998 0.329239844991
1057 0.329176692099
761 0.388457430923
2503 0.314613558814
1562 0.30812062624
1266 0.35393160464
505 0.337714311034
3570 0.308413338113
2629 0.293304861559
2333 0.343038730141
1572 0.328203702209
1067 0.291190270873
4337 0.28665017826
3396 0.27143980041
3100 0.304135728414
2339 0.307038023361
1834 0.371309374212
767 0.360234359627
5127 0.260327540145
4186 0.243291963229
3890 0.264113999314
3129 0.289245454231
2624 0.251141176707
1557 0.238194460045
790 0.273510789762
6544 0.210254972289
5603 0.22893191047
5307 0.244262973996
4546 0.206710610308
4041 0.18601820265
2974 0.247401002484
2207 0.264868301119
1417 0.258788196237
6966 0.219234788857
6025 0.197618282767
5729 0.204060145623
4968 0.21593392695
4463 0.201901556752
3396 0.229951877879
2629 0.201432894526
1839 0.227845580484
422 0.203940316484
8198 0.290915640684
7257 0.251343378875
6961 0.305943762434
6200 0.232163981769
5695 0.232429711606
4628 0.267953932262
3861 0.233333889486
3071 0.239030757557
1654 0.295281531488
1232 0.38643073006
932 0.375068152431
863 0.307559410254
925 0.309463608583
3603 0.319750253717
2678 0.563719142715
5820 0.146987319125
4895 0.335888295119
2217 0.357409075708
1079 0.292423476217
1891 0.180253268191
2633 0.25484275094
812 0.323925594256
1554 0.327900555268
742 0.372618851149
1403 0.231388529345
2325 0.263930978787
922 0.333957714199
146 0.171606011091
1207 0.399375689696
2350 0.321737694729
1143 0.316638956567
3300 0.238497676487
2093 0.305362857403
950 0.308683987359
2071 0.266453220632
335 0.40880810522
1195 0.392139603432
2317 0.401150487988
1122 0.327142407719
1208 0.305018088945
302 0.33773890162
2070 0.30746890505
1768 0.346266558518
791 0.428357305407
1623 0.371448472761
832 0.287402656674
3112 0.313174858682
2321 0.298138842179
1489 0.403621428245
4430 0.230581529252
3639 0.20497933086
2807 0.382324488332
1318 0.406592547847
1043 0.124073195682
2689 0.249667167663
1003 0.246455303901
569 0.263251223619
326 0.279491171844
661 0.205959987255
1523 0.139961269763
335 0.415113894613
1197 0.309442656801
862 0.411285319046
2034 0.385063426818
2120 0.246877005597
902 0.294233553637
1642 0.213563320437
2385 0.0357346317487
2765 0.0826191736354
740 0.309707685043
1483 0.0808629430974
1863 0.0735867025631
743 0.129230598796
1123 0.123668622474
380 0.256766520935
707 0.266673528825
432 0.371681208727
1549 0.295927778095
1117 0.324160502595
2113 0.208953556128
1681 0.332299367963
564 0.400525912557
2798 0.152322891479
2366 0.180884171971
1249 0.166316001159
685 0.170383793945
6903 0.175544025427
6471 0.129272664246
5354 0.156365391193
4790 0.149646334569
4105 0.460307959216
636 0.551999754331
2778 0.280788173093
4033 0.0900512682607
2142 0.271984372086
3397 0.0376955601485
1255 0.0959535524434
567 0.53211041325
1365 0.504057643123
1754 0.262210990362
798 0.518248165927
1187 0.23181686998
389 0.333118914364
326 0.255792679046
2266 0.117012619139
1940 0.288971277925
1031 0.289197187411
997 0.328939033094
1020 0.265354458198
383 0.659816895517
730 0.545116517903
347 0.658847047011
2512 0.557158636866
2129 0.611921563818
1782 0.631051928535
3529 0.467772450823
3146 0.506896796704
2799 0.509975216419
1017 0.509610605609
6345 0.402452882302
5962 0.447151630306
5615 0.490748263802
3833 0.489854962254
2816 0.659351220241
7837 0.358609476698
7454 0.443124643417
7107 0.503540877766
5325 0.487114610776
4308 0.59858202803
1492 0.669837506902
9003 0.32469286897
8620 0.387709296042
8273 0.462824488411
6491 0.496305208063
5474 0.529106163759
2658 0.621841454612
1166 0.67496641591
574 0.222393805343
3339 0.173336846354
2765 0.199559033001
1841 0.284742654832
571 0.26353537729
1159 0.373906391822
633 0.284578812062
1596 0.0330624859799
963 0.114041020309
722 0.395873914262
1058 0.29424514705
1316 0.179080339638
503 0.422209241543
1647 0.418297555405
2526 0.310333256646
3578 0.32930732578
3982 0.299835880364
4637 0.249898111321
879 0.311232455027
1931 0.370421475033
2335 0.293829409123
2990 0.285518680685
1052 0.41587867014
1456 0.270875543179
2111 0.275875716909
404 0.353968003736
1059 0.364433546123
655 0.312138629037
975 0.393100985545
1739 0.255646812563
764 0.314751872639
2563 0.290538796081
1588 0.325784627223
824 0.314686008925
1150 0.351327757102
1510 0.272239486644
360 0.272955894751
3368 0.233853123786
2218 0.170653871791
1858 0.389253055148
147 0.113072330234
2611 0.065922215667
2464 0.453775015313
3544 0.0518716535519
3397 0.401627048775
933 0.486309577242
546 0.250486845271
840 0.143876535235
1249 0.0813276547569
1416 0.0333114675588
2683 0.129543402469
5085 0.207935353479
5389 0.224366642387
294 0.336031884013
703 0.250427567774
870 0.0697670463161
2137 0.0873130893595
4539 0.115759738878
4843 0.219439419356
409 0.510299242369
576 0.082745125177
1843 0.140718245134
4245 0.0743065020767
4549 0.18116694708
167 0.090913444864
1434 0.169306464228
3836 0.057265479475
4140 0.133540844751
1267 0.137690354051
3669 0.0703946079233
3973 0.0546409985038
2402 0.313038608359
2706 0.0460079412295
304 0.186495985011
1327 0.270614160922
1705 0.469615463412
908 0.243944038646
1561 0.213205039446
653 0.250002878754
769 0.296941453186
1371 0.307334650944
602 0.284768575551
620 0.264152083587
419 0.354906682589
1375 0.336784824351
1316 0.129942993216
2632 0.354622252458
401 0.428203957614
1097 0.38254587975
696 0.455759831156
1590 0.298541888189
1189 0.342852181194
493 0.417095566902
766 0.414320841742
1416 0.316662564374
650 0.424107399243
2338 0.243036037293
1572 0.318311648198
922 0.383472809624
3108 0.140641235312
2342 0.15288215248
1692 0.250899212982
770 0.290599848156
271 0.40678546545
1054 0.239744374223
783 0.277137317635
2044 0.194838649311
1773 0.20735250658
990 0.145814476232
396 0.301147897644
1241 0.167752431613
845 0.245398615272
517 0.37959854985
1098 0.337196595832
581 0.460803261018
1669 0.225679399487
1152 0.3258500055
571 0.411351610387
3892 0.27800787184
3375 0.336253170453
2794 0.328395924997
2223 0.348735341066
4954 0.224370784995
4437 0.307195592975
3856 0.28696957128
3285 0.37919940555
1062 0.44468729131
5578 0.201884743216
5061 0.218768130477
4480 0.269360706635
3909 0.289498099482
1686 0.358177113413
624 0.376017933409
6273 0.196983806209
5756 0.248447632339
5175 0.249656992005
4604 0.2713863591
2381 0.366291400795
1319 0.385921269084
695 0.342899378676
2123 0.344290000484
2774 0.247199378192
3506 0.259514126976
4288 0.279477534988
5104 0.172011441176
651 0.287427880741
1383 0.272462441631
2165 0.251985425458
2981 0.237184714955
732 0.320504727035
1514 0.281755061733
2330 0.221849472292
782 0.314232082881
1598 0.225569993077
816 0.276059881157
1160 0.320165833514
3126 0.122948971799
1966 0.238454024852
1815 0.239802759582
2909 0.178067075992
1094 0.257915829467
3936 0.220126584159
2121 0.250327726799
1027 0.285097934958
1750 0.243914173355
2863 0.170878494082
1338 0.304261425163
232 0.219280786261
1695 0.147866014088
1463 0.274093446853
1010 0.331405063359
1595 0.30227911298
585 0.366512722021
2071 0.287913362701
1061 0.276019208593
476 0.346990189597
3361 0.288310084331
2351 0.290920865366
1766 0.303894654283
1290 0.320651514947
4351 0.26342300141
3341 0.265711186345
2756 0.285741125063
2280 0.3164397828
990 0.33023129143
5844 0.224392712085
4834 0.138759595418
4249 0.168327588628
3773 0.19560561948
2483 0.224193915405
1493 0.269985876449
6499 0.221790284671
5489 0.210358646191
4904 0.213555110452
4428 0.237597708141
3138 0.24718310837
2148 0.308311171043
655 0.248554960757
7353 0.201782795495
6343 0.191325773559
5758 0.210063210365
5282 0.190771689697
3992 0.233252852749
3002 0.261756765637
1509 0.197220470397
854 0.251643692375
393 0.220429151851
923 0.128084991832
1942 0.182726513365
530 0.301011594168
1549 0.117839285524
1019 0.176329437757
453 0.185173320238
641 0.208348699022
1548 0.180940939125
188 0.552639313759
1095 0.200571190053
907 0.193162951227
646 0.0777005557421
1386 0.110674904682
1929 0.0596751549868
740 0.320955442252
1283 0.222748090609
543 0.379466097365
683 0.227330818039
140 0.164736843898
1268 0.244527391749
577 0.288659346286
1400 0.23065331299
1654 0.221932303295
823 0.370210939807
1077 0.39338999275
254 0.36465662584
